2025-11-25 23:42:09,135 - wpull.application.tasks.sslcontext - WARNING - Certificate directory /etc/ssl/certs/ does not exist.
2025-11-25 23:42:09,135 - wpull.application.tasks.sslcontext - WARNING - Certificate file /etc/ssl/certs/ca-certificates.crt does not exist.
2025-11-25 23:42:09,266 - wpull.processor.web - INFO - Fetching ‘https://www.cryptomuseum.com/index.htm’.
2025-11-25 23:42:09,671 - wpull.processor.web - INFO - Fetched ‘https://www.cryptomuseum.com/index.htm’: 200 OK. Length: 111033 [text/html].
2025-11-25 23:42:10,863 - wpull.processor.web - INFO - Fetching ‘https://www.cryptomuseum.com/covert/cases/ikar’.
2025-11-25 23:42:10,920 - wpull.processor.web - INFO - Fetched ‘https://www.cryptomuseum.com/covert/cases/ikar’: 301 Moved Permanently. Length: 795 [text/html].
2025-11-25 23:42:10,923 - wpull.processor.web - INFO - Fetching ‘https://www.cryptomuseum.com/covert/cases/ikar/’.
2025-11-25 23:42:11,171 - wpull.processor.web - INFO - Fetched ‘https://www.cryptomuseum.com/covert/cases/ikar/’: 200 OK. Length: 68458 [text/html].
2025-11-25 23:42:11,847 - wpull.processor.web - INFO - Fetching ‘https://www.cryptomuseum.com/spy/list.htm’.
2025-11-25 23:42:12,016 - wpull.processor.web - INFO - Fetched ‘https://www.cryptomuseum.com/spy/list.htm’: 200 OK. Length: 56700 [text/html].
2025-11-25 23:42:12,598 - wpull.processor.web - INFO - Fetching ‘https://www.cryptomuseum.com/news/index.htm’.
2025-11-25 23:42:12,839 - wpull.processor.web - INFO - Fetched ‘https://www.cryptomuseum.com/news/index.htm’: 200 OK. Length: 155425 [text/html].
2025-11-25 23:42:13,723 - wpull.processor.web - INFO - Fetching ‘https://www.cryptomuseum.com/spy/hrm7000/hru7000.htm’.
2025-11-25 23:42:13,938 - wpull.processor.web - INFO - Fetched ‘https://www.cryptomuseum.com/spy/hrm7000/hru7000.htm’: 200 OK. Length: 122698 [text/html].
2025-11-25 23:42:14,769 - wpull.processor.web - INFO - Fetching ‘https://www.cryptomuseum.com/crypto/enigma/mzl’.
2025-11-25 23:42:14,834 - wpull.processor.web - INFO - Fetched ‘https://www.cryptomuseum.com/crypto/enigma/mzl’: 301 Moved Permanently. Length: 795 [text/html].
2025-11-25 23:42:14,837 - wpull.processor.web - INFO - Fetching ‘https://www.cryptomuseum.com/crypto/enigma/mzl/’.
2025-11-25 23:42:15,049 - wpull.processor.web - INFO - Fetched ‘https://www.cryptomuseum.com/crypto/enigma/mzl/’: 200 OK. Length: 88704 [text/html].
2025-11-25 23:42:15,874 - wpull.processor.web - INFO - Fetching ‘https://www.cryptomuseum.com/crypto/tutus/farist_a100’.
2025-11-25 23:42:15,932 - wpull.processor.web - INFO - Fetched ‘https://www.cryptomuseum.com/crypto/tutus/farist_a100’: 301 Moved Permanently. Length: 795 [text/html].
2025-11-25 23:42:15,934 - wpull.processor.web - INFO - Fetching ‘https://www.cryptomuseum.com/crypto/tutus/farist_a100/’.
2025-11-25 23:42:16,155 - wpull.processor.web - INFO - Fetched ‘https://www.cryptomuseum.com/crypto/tutus/farist_a100/’: 200 OK. Length: 74142 [text/html].
2025-11-25 23:42:16,743 - wpull.processor.web - INFO - Fetching ‘https://www.cryptomuseum.com/manuf/sentyron’.
2025-11-25 23:42:16,803 - wpull.processor.web - INFO - Fetched ‘https://www.cryptomuseum.com/manuf/sentyron’: 301 Moved Permanently. Length: 795 [text/html].
2025-11-25 23:42:16,805 - wpull.processor.web - INFO - Fetching ‘https://www.cryptomuseum.com/manuf/sentyron/’.
2025-11-25 23:42:16,970 - wpull.processor.web - INFO - Fetched ‘https://www.cryptomuseum.com/manuf/sentyron/’: 200 OK. Length: 53604 [text/html].
2025-11-25 23:42:17,459 - wpull.processor.web - INFO - Fetching ‘https://www.cryptomuseum.com/manuf/microtel’.
2025-11-25 23:42:17,522 - wpull.processor.web - INFO - Fetched ‘https://www.cryptomuseum.com/manuf/microtel’: 301 Moved Permanently. Length: 795 [text/html].
2025-11-25 23:42:17,525 - wpull.processor.web - INFO - Fetching ‘https://www.cryptomuseum.com/manuf/microtel/’.
2025-11-25 23:42:17,736 - wpull.processor.web - INFO - Fetched ‘https://www.cryptomuseum.com/manuf/microtel/’: 200 OK. Length: 82130 [text/html].
2025-11-25 23:42:18,372 - wpull.processor.web - INFO - Fetching ‘https://www.cryptomuseum.com/phone/index.htm’.
2025-11-25 23:42:18,588 - wpull.processor.web - INFO - Fetched ‘https://www.cryptomuseum.com/phone/index.htm’: 200 OK. Length: 77494 [text/html].
2025-11-25 23:42:19,156 - wpull.processor.web - INFO - Fetching ‘https://www.cryptomuseum.com/spy/b2m’.
2025-11-25 23:42:19,286 - wpull.processor.web - INFO - Fetched ‘https://www.cryptomuseum.com/spy/b2m’: 301 Moved Permanently. Length: 795 [text/html].
2025-11-25 23:42:19,288 - wpull.processor.web - INFO - Fetching ‘https://www.cryptomuseum.com/spy/b2m/’.
2025-11-25 23:42:19,452 - wpull.processor.web - INFO - Fetched ‘https://www.cryptomuseum.com/spy/b2m/’: 200 OK. Length: 68838 [text/html].
2025-11-25 23:42:20,006 - wpull.processor.web - INFO - Fetching ‘https://www.cryptomuseum.com/spy/L662/index.htm’.
2025-11-25 23:42:20,281 - wpull.processor.web - INFO - Fetched ‘https://www.cryptomuseum.com/spy/L662/index.htm’: 200 OK. Length: 49350 [text/html].
2025-11-25 23:42:20,769 - wpull.processor.web - INFO - Fetching ‘https://www.cryptomuseum.com/covert/tools/krimi’.
2025-11-25 23:42:20,828 - wpull.processor.web - INFO - Fetched ‘https://www.cryptomuseum.com/covert/tools/krimi’: 301 Moved Permanently. Length: 795 [text/html].
2025-11-25 23:42:20,830 - wpull.processor.web - INFO - Fetching ‘https://www.cryptomuseum.com/covert/tools/krimi/’.
2025-11-25 23:42:22,453 - wpull.processor.web - INFO - Fetched ‘https://www.cryptomuseum.com/covert/tools/krimi/’: 200 OK. Length: 432515 [text/html].
2025-11-25 23:42:23,604 - wpull.processor.web - INFO - Fetching ‘https://www.cryptomuseum.com/crypto/pbj’.
2025-11-25 23:42:23,665 - wpull.processor.web - INFO - Fetched ‘https://www.cryptomuseum.com/crypto/pbj’: 301 Moved Permanently. Length: 795 [text/html].
2025-11-25 23:42:23,668 - wpull.processor.web - INFO - Fetching ‘https://www.cryptomuseum.com/crypto/pbj/’.
2025-11-25 23:42:24,379 - wpull.processor.web - INFO - Fetched ‘https://www.cryptomuseum.com/crypto/pbj/’: 200 OK. Length: 144877 [text/html].
2025-11-25 23:42:25,303 - wpull.processor.web - INFO - Fetching ‘https://www.cryptomuseum.com/telex/siemens/ag13’.
2025-11-25 23:42:25,363 - wpull.processor.web - INFO - Fetched ‘https://www.cryptomuseum.com/telex/siemens/ag13’: 301 Moved Permanently. Length: 795 [text/html].
2025-11-25 23:42:25,366 - wpull.processor.web - INFO - Fetching ‘https://www.cryptomuseum.com/telex/siemens/ag13/’.
2025-11-25 23:42:25,597 - wpull.processor.web - INFO - Fetched ‘https://www.cryptomuseum.com/telex/siemens/ag13/’: 200 OK. Length: 55204 [text/html].
2025-11-25 23:42:26,013 - wpull.processor.web - INFO - Fetching ‘https://www.cryptomuseum.com/df/wj/dms105’.
2025-11-25 23:42:26,073 - wpull.processor.web - INFO - Fetched ‘https://www.cryptomuseum.com/df/wj/dms105’: 301 Moved Permanently. Length: 795 [text/html].
2025-11-25 23:42:26,076 - wpull.processor.web - INFO - Fetching ‘https://www.cryptomuseum.com/df/wj/dms105/’.
2025-11-25 23:42:26,383 - wpull.processor.web - INFO - Fetched ‘https://www.cryptomuseum.com/df/wj/dms105/’: 200 OK. Length: 98634 [text/html].
2025-11-25 23:42:27,099 - wpull.processor.web - INFO - Fetching ‘https://www.cryptomuseum.com/events/index.htm’.
2025-11-25 23:42:27,564 - wpull.processor.web - INFO - Fetched ‘https://www.cryptomuseum.com/events/index.htm’: 200 OK. Length: 124189 [text/html].
2025-11-25 23:42:28,383 - wpull.processor.web - INFO - Fetching ‘https://www.cryptomuseum.com/crypto/gd/viper’.
2025-11-25 23:42:28,707 - wpull.processor.web - INFO - Fetched ‘https://www.cryptomuseum.com/crypto/gd/viper’: 301 Moved Permanently. Length: 795 [text/html].
2025-11-25 23:42:28,709 - wpull.processor.web - INFO - Fetching ‘https://www.cryptomuseum.com/crypto/gd/viper/’.
2025-11-25 23:42:29,169 - wpull.processor.web - INFO - Fetched ‘https://www.cryptomuseum.com/crypto/gd/viper/’: 200 OK. Length: 74177 [text/html].
2025-11-25 23:42:29,829 - wpull.processor.web - INFO - Fetching ‘https://www.cryptomuseum.com/radio/hagenuk/tg1001m’.
2025-11-25 23:42:29,887 - wpull.processor.web - INFO - Fetched ‘https://www.cryptomuseum.com/radio/hagenuk/tg1001m’: 301 Moved Permanently. Length: 795 [text/html].
2025-11-25 23:42:29,889 - wpull.processor.web - INFO - Fetching ‘https://www.cryptomuseum.com/radio/hagenuk/tg1001m/’.
2025-11-25 23:42:30,438 - asyncio - ERROR - Task exception was never retrieved
future: <Task finished name='Task-9' coro=<HappyEyeballsConnection._connect_dual_stack.<locals>.cleanup() done, defined at C:\Users\Aleksandr\AppData\Local\Programs\Python\Python311\Lib\site-packages\wpull\network\pool.py:412> exception=AttributeError("module 'tornado.netutil' has no attribute 'SSLCertificateError'")>
Traceback (most recent call last):
  File "C:\Users\Aleksandr\AppData\Local\Programs\Python\Python311\Lib\site-packages\wpull\network\connection.py", line 301, in run_network_operation
    return (await task)
            ^^^^^^^^^^
  File "C:\Users\Aleksandr\AppData\Local\Programs\Python\Python311\Lib\asyncio\streams.py", line 48, in open_connection
    transport, _ = await loop.create_connection(
                   ^^^^^^^^^^^^^^^^^^^^^^^^^^^^^
  File "C:\Users\Aleksandr\AppData\Local\Programs\Python\Python311\Lib\asyncio\base_events.py", line 1085, in create_connection
    raise exceptions[0]
  File "C:\Users\Aleksandr\AppData\Local\Programs\Python\Python311\Lib\asyncio\base_events.py", line 1069, in create_connection
    sock = await self._connect_sock(
           ^^^^^^^^^^^^^^^^^^^^^^^^^
  File "C:\Users\Aleksandr\AppData\Local\Programs\Python\Python311\Lib\asyncio\base_events.py", line 973, in _connect_sock
    await self.sock_connect(sock, address)
  File "C:\Users\Aleksandr\AppData\Local\Programs\Python\Python311\Lib\asyncio\proactor_events.py", line 726, in sock_connect
    return await self._proactor.connect(sock, address)
           ^^^^^^^^^^^^^^^^^^^^^^^^^^^^^^^^^^^^^^^^^^^
  File "C:\Users\Aleksandr\AppData\Local\Programs\Python\Python311\Lib\asyncio\windows_events.py", line 846, in _poll
    value = callback(transferred, key, ov)
            ^^^^^^^^^^^^^^^^^^^^^^^^^^^^^^
  File "C:\Users\Aleksandr\AppData\Local\Programs\Python\Python311\Lib\asyncio\windows_events.py", line 633, in finish_connect
    ov.getresult()
OSError: [WinError 121] Превышен таймаут семафора

During handling of the above exception, another exception occurred:

Traceback (most recent call last):
  File "C:\Users\Aleksandr\AppData\Local\Programs\Python\Python311\Lib\site-packages\wpull\network\pool.py", line 414, in cleanup
    conn = await fut
           ^^^^^^^^^
  File "C:\Users\Aleksandr\AppData\Local\Programs\Python\Python311\Lib\asyncio\tasks.py", line 605, in _wait_for_one
    return f.result()  # May raise f.exception().
           ^^^^^^^^^^
  File "C:\Users\Aleksandr\AppData\Local\Programs\Python\Python311\Lib\site-packages\wpull\network\pool.py", line 390, in connect_secondary
    await self._secondary_connection.connect()
  File "C:\Users\Aleksandr\AppData\Local\Programs\Python\Python311\Lib\site-packages\wpull\network\connection.py", line 455, in connect
    result = await super().connect()
             ^^^^^^^^^^^^^^^^^^^^^^^
  File "C:\Users\Aleksandr\AppData\Local\Programs\Python\Python311\Lib\site-packages\wpull\network\connection.py", line 193, in connect
    self.reader, self.writer = await \
                               ^^^^^^^
  File "C:\Users\Aleksandr\AppData\Local\Programs\Python\Python311\Lib\site-packages\wpull\network\connection.py", line 307, in run_network_operation
    except (tornado.netutil.SSLCertificateError, SSLVerificationError) \
            ^^^^^^^^^^^^^^^^^^^^^^^^^^^^^^^^^^^
AttributeError: module 'tornado.netutil' has no attribute 'SSLCertificateError'
2025-11-25 23:42:30,586 - wpull.processor.web - INFO - Fetched ‘https://www.cryptomuseum.com/radio/hagenuk/tg1001m/’: 200 OK. Length: 175879 [text/html].
2025-11-25 23:42:31,462 - wpull.processor.web - INFO - Fetching ‘https://www.cryptomuseum.com/crypto/ant/tcu7000’.
2025-11-25 23:42:31,520 - wpull.processor.web - INFO - Fetched ‘https://www.cryptomuseum.com/crypto/ant/tcu7000’: 301 Moved Permanently. Length: 795 [text/html].
2025-11-25 23:42:31,522 - wpull.processor.web - INFO - Fetching ‘https://www.cryptomuseum.com/crypto/ant/tcu7000/’.
2025-11-25 23:42:31,938 - wpull.processor.web - INFO - Fetched ‘https://www.cryptomuseum.com/crypto/ant/tcu7000/’: 200 OK. Length: 146211 [text/html].
2025-11-25 23:42:32,868 - wpull.processor.web - INFO - Fetching ‘https://www.cryptomuseum.com/radar/index.htm’.
2025-11-25 23:42:32,985 - wpull.processor.web - INFO - Fetched ‘https://www.cryptomuseum.com/radar/index.htm’: 200 OK. Length: 33259 [text/html].
2025-11-25 23:42:33,333 - wpull.processor.web - INFO - Fetching ‘https://www.cryptomuseum.com/covert/index.htm’.
2025-11-25 23:42:33,495 - wpull.processor.web - INFO - Fetched ‘https://www.cryptomuseum.com/covert/index.htm’: 200 OK. Length: 49239 [text/html].
2025-11-25 23:42:33,926 - wpull.processor.web - INFO - Fetching ‘https://www.cryptomuseum.com/wanted/index.htm’.
2025-11-25 23:42:34,087 - wpull.processor.web - INFO - Fetched ‘https://www.cryptomuseum.com/wanted/index.htm’: 200 OK. Length: 38500 [text/html].
2025-11-25 23:42:34,454 - wpull.processor.web - INFO - Fetching ‘https://www.cryptomuseum.com/df/index.htm’.
2025-11-25 23:42:34,920 - wpull.processor.web - INFO - Fetched ‘https://www.cryptomuseum.com/df/index.htm’: 200 OK. Length: 218074 [text/html].
2025-11-25 23:42:35,792 - wpull.processor.web - INFO - Fetching ‘https://www.cryptomuseum.com/df/opto/scout/index.htm’.
2025-11-25 23:42:36,126 - wpull.processor.web - INFO - Fetched ‘https://www.cryptomuseum.com/df/opto/scout/index.htm’: 200 OK. Length: 114211 [text/html].
2025-11-25 23:42:36,939 - wpull.processor.web - INFO - Fetching ‘https://www.cryptomuseum.com/telex/siemens/pgfs020’.
2025-11-25 23:42:36,996 - wpull.processor.web - INFO - Fetched ‘https://www.cryptomuseum.com/telex/siemens/pgfs020’: 301 Moved Permanently. Length: 795 [text/html].
2025-11-25 23:42:36,999 - wpull.processor.web - INFO - Fetching ‘https://www.cryptomuseum.com/telex/siemens/pgfs020/’.
2025-11-25 23:42:37,309 - wpull.processor.web - INFO - Fetched ‘https://www.cryptomuseum.com/telex/siemens/pgfs020/’: 200 OK. Length: 132274 [text/html].
2025-11-25 23:42:38,165 - wpull.processor.web - INFO - Fetching ‘https://www.cryptomuseum.com/crypto/rs/topsec_gsm’.
2025-11-25 23:42:38,225 - wpull.processor.web - INFO - Fetched ‘https://www.cryptomuseum.com/crypto/rs/topsec_gsm’: 301 Moved Permanently. Length: 795 [text/html].
2025-11-25 23:42:38,227 - wpull.processor.web - INFO - Fetching ‘https://www.cryptomuseum.com/crypto/rs/topsec_gsm/’.
2025-11-25 23:42:38,388 - wpull.processor.web - INFO - Fetched ‘https://www.cryptomuseum.com/crypto/rs/topsec_gsm/’: 200 OK. Length: 62236 [text/html].
2025-11-25 23:42:38,988 - wpull.processor.web - INFO - Fetching ‘https://www.cryptomuseum.com/mission.htm’.
2025-11-25 23:42:39,100 - wpull.processor.web - INFO - Fetched ‘https://www.cryptomuseum.com/mission.htm’: 200 OK. Length: 28981 [text/html].
2025-11-25 23:42:39,455 - wpull.processor.web - INFO - Fetching ‘https://www.cryptomuseum.com/radio/index.htm’.
2025-11-25 23:42:39,811 - wpull.processor.web - INFO - Fetched ‘https://www.cryptomuseum.com/radio/index.htm’: 200 OK. Length: 140812 [text/html].
2025-11-25 23:42:40,669 - wpull.processor.web - INFO - Fetching ‘https://www.cryptomuseum.com/telex/teletron/tg44e’.
2025-11-25 23:42:40,728 - wpull.processor.web - INFO - Fetched ‘https://www.cryptomuseum.com/telex/teletron/tg44e’: 301 Moved Permanently. Length: 795 [text/html].
2025-11-25 23:42:40,731 - wpull.processor.web - INFO - Fetching ‘https://www.cryptomuseum.com/telex/teletron/tg44e/’.
2025-11-25 23:42:41,111 - wpull.processor.web - INFO - Fetched ‘https://www.cryptomuseum.com/telex/teletron/tg44e/’: 200 OK. Length: 166910 [text/html].
2025-11-25 23:42:42,055 - wpull.processor.web - INFO - Fetching ‘https://www.cryptomuseum.com/covert/radio/apollo/ar924’.
2025-11-25 23:42:42,187 - wpull.processor.web - INFO - Fetched ‘https://www.cryptomuseum.com/covert/radio/apollo/ar924’: 301 Moved Permanently. Length: 795 [text/html].
2025-11-25 23:42:42,189 - wpull.processor.web - INFO - Fetching ‘https://www.cryptomuseum.com/covert/radio/apollo/ar924/’.
2025-11-25 23:42:42,420 - wpull.processor.web - INFO - Fetched ‘https://www.cryptomuseum.com/covert/radio/apollo/ar924/’: 200 OK. Length: 91824 [text/html].
2025-11-25 23:42:43,179 - wpull.processor.web - INFO - Fetching ‘https://www.cryptomuseum.com/covert/list.htm’.
2025-11-25 23:42:43,348 - wpull.processor.web - INFO - Fetched ‘https://www.cryptomuseum.com/covert/list.htm’: 200 OK. Length: 71632 [text/html].
2025-11-25 23:42:44,014 - wpull.processor.web - INFO - Fetching ‘https://www.cryptomuseum.com/spy/304231’.
2025-11-25 23:42:44,079 - wpull.processor.web - INFO - Fetched ‘https://www.cryptomuseum.com/spy/304231’: 301 Moved Permanently. Length: 795 [text/html].
2025-11-25 23:42:44,082 - wpull.processor.web - INFO - Fetching ‘https://www.cryptomuseum.com/spy/304231/’.
2025-11-25 23:42:44,268 - wpull.processor.web - INFO - Fetched ‘https://www.cryptomuseum.com/spy/304231/’: 200 OK. Length: 67365 [text/html].
2025-11-25 23:42:45,021 - wpull.processor.web - INFO - Fetching ‘https://www.cryptomuseum.com/spy/index.htm’.
2025-11-25 23:42:45,382 - wpull.processor.web - INFO - Fetched ‘https://www.cryptomuseum.com/spy/index.htm’: 200 OK. Length: 144789 [text/html].
2025-11-25 23:42:46,252 - wpull.processor.web - INFO - Fetching ‘https://www.cryptomuseum.com/spy/301576/index.htm’.
2025-11-25 23:42:46,607 - wpull.processor.web - INFO - Fetched ‘https://www.cryptomuseum.com/spy/301576/index.htm’: 200 OK. Length: 92952 [text/html].
2025-11-25 23:42:47,346 - wpull.processor.web - INFO - Fetching ‘https://www.cryptomuseum.com/spy/32210-64’.
2025-11-25 23:42:47,406 - wpull.processor.web - INFO - Fetched ‘https://www.cryptomuseum.com/spy/32210-64’: 301 Moved Permanently. Length: 795 [text/html].
2025-11-25 23:42:47,408 - wpull.processor.web - INFO - Fetching ‘https://www.cryptomuseum.com/spy/32210-64/’.
2025-11-25 23:42:47,625 - wpull.processor.web - INFO - Fetched ‘https://www.cryptomuseum.com/spy/32210-64/’: 200 OK. Length: 51312 [text/html].
2025-11-25 23:42:48,169 - wpull.processor.web - INFO - Fetching ‘https://www.cryptomuseum.com/burst/index.htm’.
2025-11-25 23:42:48,388 - wpull.processor.web - INFO - Fetched ‘https://www.cryptomuseum.com/burst/index.htm’: 200 OK. Length: 69172 [text/html].
2025-11-25 23:42:49,031 - wpull.processor.web - INFO - Fetching ‘https://www.cryptomuseum.com/df/hmgcc/mlf’.
2025-11-25 23:42:49,091 - wpull.processor.web - INFO - Fetched ‘https://www.cryptomuseum.com/df/hmgcc/mlf’: 301 Moved Permanently. Length: 795 [text/html].
2025-11-25 23:42:49,093 - wpull.processor.web - INFO - Fetching ‘https://www.cryptomuseum.com/df/hmgcc/mlf/’.
2025-11-25 23:42:49,330 - wpull.processor.web - INFO - Fetched ‘https://www.cryptomuseum.com/df/hmgcc/mlf/’: 200 OK. Length: 65673 [text/html].
2025-11-25 23:42:50,065 - wpull.processor.web - INFO - Fetching ‘https://www.cryptomuseum.com/people/buehler/hans.htm’.
2025-11-25 23:42:50,530 - wpull.processor.web - INFO - Fetched ‘https://www.cryptomuseum.com/people/buehler/hans.htm’: 200 OK. Length: 85209 [text/html].
2025-11-25 23:42:51,054 - wpull.processor.web - INFO - Fetching ‘https://www.cryptomuseum.com/crypto/ussr/m130/index.htm’.
2025-11-25 23:42:51,737 - wpull.processor.web - INFO - Fetched ‘https://www.cryptomuseum.com/crypto/ussr/m130/index.htm’: 200 OK. Length: 207048 [text/html].
2025-11-25 23:42:52,827 - wpull.processor.web - INFO - Fetching ‘https://www.cryptomuseum.com/df/opto/xplorer/index.htm’.
2025-11-25 23:42:53,101 - wpull.processor.web - INFO - Fetched ‘https://www.cryptomuseum.com/df/opto/xplorer/index.htm’: 200 OK. Length: 80404 [text/html].
2025-11-25 23:42:54,001 - wpull.processor.web - INFO - Fetching ‘https://www.cryptomuseum.com/crypto/index.htm’.
2025-11-25 23:42:54,811 - wpull.processor.web - INFO - Fetched ‘https://www.cryptomuseum.com/crypto/index.htm’: 200 OK. Length: 196837 [text/html].
2025-11-25 23:42:55,762 - wpull.processor.web - INFO - Fetching ‘https://www.cryptomuseum.com/kits/index.htm’.
2025-11-25 23:42:56,025 - wpull.processor.web - INFO - Fetched ‘https://www.cryptomuseum.com/kits/index.htm’: 200 OK. Length: 41491 [text/html].
2025-11-25 23:42:56,445 - wpull.processor.web - INFO - Fetching ‘https://www.cryptomuseum.com/pub/index.htm’.
2025-11-25 23:42:56,878 - wpull.processor.web - INFO - Fetched ‘https://www.cryptomuseum.com/pub/index.htm’: 200 OK. Length: 67131 [text/html].
2025-11-25 23:42:57,477 - wpull.processor.web - INFO - Fetching ‘https://www.cryptomuseum.com/manuf/index.htm’.
2025-11-25 23:42:57,741 - wpull.processor.web - INFO - Fetched ‘https://www.cryptomuseum.com/manuf/index.htm’: 200 OK. Length: 49019 [text/html].
2025-11-25 23:42:58,185 - wpull.processor.web - INFO - Fetching ‘https://www.cryptomuseum.com/radio/tetra/burst.htm’.
2025-11-25 23:42:58,550 - wpull.processor.web - INFO - Fetched ‘https://www.cryptomuseum.com/radio/tetra/burst.htm’: 200 OK. Length: 90543 [text/html].
2025-11-25 23:42:59,214 - wpull.processor.web - INFO - Fetching ‘https://www.cryptomuseum.com/manuf/kuk’.
2025-11-25 23:42:59,274 - wpull.processor.web - INFO - Fetched ‘https://www.cryptomuseum.com/manuf/kuk’: 301 Moved Permanently. Length: 795 [text/html].
2025-11-25 23:42:59,277 - wpull.processor.web - INFO - Fetching ‘https://www.cryptomuseum.com/manuf/kuk/’.
2025-11-25 23:42:59,490 - wpull.processor.web - INFO - Fetched ‘https://www.cryptomuseum.com/manuf/kuk/’: 200 OK. Length: 53937 [text/html].
2025-11-25 23:42:59,964 - wpull.processor.web - INFO - Fetching ‘https://www.cryptomuseum.com/covert/rec/mohawk/44.htm’.
2025-11-25 23:43:00,285 - wpull.processor.web - INFO - Fetched ‘https://www.cryptomuseum.com/covert/rec/mohawk/44.htm’: 200 OK. Length: 56763 [text/html].
2025-11-25 23:43:00,785 - wpull.processor.web - INFO - Fetching ‘https://www.cryptomuseum.com/spy/sstr1’.
2025-11-25 23:43:00,844 - wpull.processor.web - INFO - Fetched ‘https://www.cryptomuseum.com/spy/sstr1’: 301 Moved Permanently. Length: 795 [text/html].
2025-11-25 23:43:00,846 - wpull.processor.web - INFO - Fetching ‘https://www.cryptomuseum.com/spy/sstr1/’.
2025-11-25 23:43:01,358 - wpull.processor.web - INFO - Fetched ‘https://www.cryptomuseum.com/spy/sstr1/’: 200 OK. Length: 145252 [text/html].
2025-11-25 23:43:02,275 - wpull.processor.web - INFO - Fetching ‘https://www.cryptomuseum.com/df/wj/wj8711a’.
2025-11-25 23:43:02,333 - wpull.processor.web - INFO - Fetched ‘https://www.cryptomuseum.com/df/wj/wj8711a’: 301 Moved Permanently. Length: 795 [text/html].
2025-11-25 23:43:02,336 - wpull.processor.web - INFO - Fetching ‘https://www.cryptomuseum.com/df/wj/wj8711a/’.
2025-11-25 23:43:02,859 - wpull.processor.web - INFO - Fetched ‘https://www.cryptomuseum.com/df/wj/wj8711a/’: 200 OK. Length: 130672 [text/html].
2025-11-25 23:43:03,740 - wpull.processor.web - INFO - Fetching ‘https://www.cryptomuseum.com/telex/rs/ga082’.
2025-11-25 23:43:03,800 - wpull.processor.web - INFO - Fetched ‘https://www.cryptomuseum.com/telex/rs/ga082’: 301 Moved Permanently. Length: 795 [text/html].
2025-11-25 23:43:03,802 - wpull.processor.web - INFO - Fetching ‘https://www.cryptomuseum.com/telex/rs/ga082/’.
2025-11-25 23:43:06,124 - wpull.processor.web - INFO - Fetched ‘https://www.cryptomuseum.com/telex/rs/ga082/’: 200 OK. Length: 575799 [text/html].
2025-11-25 23:43:07,314 - wpull.processor.web - INFO - Fetching ‘https://www.cryptomuseum.com/covert/camera/nailon’.
2025-11-25 23:43:07,374 - wpull.processor.web - INFO - Fetched ‘https://www.cryptomuseum.com/covert/camera/nailon’: 301 Moved Permanently. Length: 795 [text/html].
2025-11-25 23:43:07,377 - wpull.processor.web - INFO - Fetching ‘https://www.cryptomuseum.com/covert/camera/nailon/’.
2025-11-25 23:43:07,687 - wpull.processor.web - INFO - Fetched ‘https://www.cryptomuseum.com/covert/camera/nailon/’: 200 OK. Length: 89850 [text/html].
2025-11-25 23:43:08,316 - wpull.processor.web - INFO - Fetching ‘https://www.cryptomuseum.com/links/index.htm’.
2025-11-25 23:43:08,482 - wpull.processor.web - INFO - Fetched ‘https://www.cryptomuseum.com/links/index.htm’: 200 OK. Length: 48292 [text/html].
2025-11-25 23:43:08,901 - wpull.processor.web - INFO - Fetching ‘https://www.cryptomuseum.com/events/2023/sc/index.htm’.
2025-11-25 23:43:09,209 - wpull.processor.web - INFO - Fetched ‘https://www.cryptomuseum.com/events/2023/sc/index.htm’: 200 OK. Length: 93445 [text/html].
2025-11-25 23:43:09,822 - wpull.processor.web - INFO - Fetching ‘https://www.cryptomuseum.com/crypto/philips/ec10/index.htm’.
2025-11-25 23:43:10,634 - wpull.processor.web - INFO - Fetched ‘https://www.cryptomuseum.com/crypto/philips/ec10/index.htm’: 200 OK. Length: 286747 [text/html].
2025-11-25 23:43:11,632 - wpull.processor.web - INFO - Fetching ‘https://www.cryptomuseum.com/telex/telefunken/th3676’.
2025-11-25 23:43:11,691 - wpull.processor.web - INFO - Fetched ‘https://www.cryptomuseum.com/telex/telefunken/th3676’: 301 Moved Permanently. Length: 795 [text/html].
2025-11-25 23:43:11,693 - wpull.processor.web - INFO - Fetching ‘https://www.cryptomuseum.com/telex/telefunken/th3676/’.
2025-11-25 23:43:12,100 - wpull.processor.web - INFO - Fetched ‘https://www.cryptomuseum.com/telex/telefunken/th3676/’: 200 OK. Length: 118362 [text/html].
2025-11-25 23:43:12,864 - wpull.processor.web - INFO - Fetching ‘https://www.cryptomuseum.com/spy/grenze’.
2025-11-25 23:43:12,925 - wpull.processor.web - INFO - Fetched ‘https://www.cryptomuseum.com/spy/grenze’: 301 Moved Permanently. Length: 795 [text/html].
2025-11-25 23:43:12,927 - wpull.processor.web - INFO - Fetching ‘https://www.cryptomuseum.com/spy/grenze/’.
2025-11-25 23:43:13,437 - wpull.processor.web - INFO - Fetched ‘https://www.cryptomuseum.com/spy/grenze/’: 200 OK. Length: 178453 [text/html].
2025-11-25 23:43:14,325 - wpull.processor.web - INFO - Fetching ‘https://www.cryptomuseum.com/df/telefunken/e1800/index.htm’.
2025-11-25 23:43:15,732 - wpull.processor.web - INFO - Fetched ‘https://www.cryptomuseum.com/df/telefunken/e1800/index.htm’: 200 OK. Length: 571562 [text/html].
2025-11-25 23:43:16,949 - wpull.processor.web - INFO - Fetching ‘https://www.cryptomuseum.com/burst/stanze’.
2025-11-25 23:43:17,008 - wpull.processor.web - INFO - Fetched ‘https://www.cryptomuseum.com/burst/stanze’: 301 Moved Permanently. Length: 795 [text/html].
2025-11-25 23:43:17,010 - wpull.processor.web - INFO - Fetching ‘https://www.cryptomuseum.com/burst/stanze/’.
2025-11-25 23:43:17,223 - wpull.processor.web - INFO - Fetched ‘https://www.cryptomuseum.com/burst/stanze/’: 200 OK. Length: 66802 [text/html].
2025-11-25 23:43:17,728 - wpull.processor.web - INFO - Fetching ‘https://www.cryptomuseum.com/df/dmp’.
2025-11-25 23:43:17,787 - wpull.processor.web - INFO - Fetched ‘https://www.cryptomuseum.com/df/dmp’: 301 Moved Permanently. Length: 795 [text/html].
2025-11-25 23:43:17,790 - wpull.processor.web - INFO - Fetching ‘https://www.cryptomuseum.com/df/dmp/’.
2025-11-25 23:43:18,052 - wpull.processor.web - INFO - Fetched ‘https://www.cryptomuseum.com/df/dmp/’: 200 OK. Length: 83333 [text/html].
2025-11-25 23:43:18,652 - wpull.processor.web - INFO - Fetching ‘https://www.cryptomuseum.com/crypto/enigma/index.htm’.
2025-11-25 23:43:19,821 - wpull.processor.web - INFO - Fetched ‘https://www.cryptomuseum.com/crypto/enigma/index.htm’: 200 OK. Length: 363660 [text/html].
2025-11-25 23:43:20,921 - wpull.processor.web - INFO - Fetching ‘https://www.cryptomuseum.com/crypto/fialka/psu/tempest.htm’.
2025-11-25 23:43:21,893 - wpull.processor.web - INFO - Fetched ‘https://www.cryptomuseum.com/crypto/fialka/psu/tempest.htm’: 200 OK. Length: 205224 [text/html].
2025-11-25 23:43:22,818 - wpull.processor.web - INFO - Fetching ‘https://www.cryptomuseum.com/df/d1754’.
2025-11-25 23:43:22,879 - wpull.processor.web - INFO - Fetched ‘https://www.cryptomuseum.com/df/d1754’: 301 Moved Permanently. Length: 795 [text/html].
2025-11-25 23:43:22,881 - wpull.processor.web - INFO - Fetching ‘https://www.cryptomuseum.com/df/d1754/’.
2025-11-25 23:43:23,100 - wpull.processor.web - INFO - Fetched ‘https://www.cryptomuseum.com/df/d1754/’: 200 OK. Length: 51398 [text/html].
2025-11-25 23:43:23,574 - wpull.processor.web - INFO - Fetching ‘https://www.cryptomuseum.com/crypto/raytheon/ist2’.
2025-11-25 23:43:23,635 - wpull.processor.web - INFO - Fetched ‘https://www.cryptomuseum.com/crypto/raytheon/ist2’: 301 Moved Permanently. Length: 795 [text/html].
2025-11-25 23:43:23,637 - wpull.processor.web - INFO - Fetching ‘https://www.cryptomuseum.com/crypto/raytheon/ist2/’.
2025-11-25 23:43:23,908 - wpull.processor.web - INFO - Fetched ‘https://www.cryptomuseum.com/crypto/raytheon/ist2/’: 200 OK. Length: 67134 [text/html].
2025-11-25 23:43:24,483 - wpull.processor.web - INFO - Fetching ‘https://www.cryptomuseum.com/df/icom/icr10’.
2025-11-25 23:43:24,542 - wpull.processor.web - INFO - Fetched ‘https://www.cryptomuseum.com/df/icom/icr10’: 301 Moved Permanently. Length: 795 [text/html].
2025-11-25 23:43:24,544 - wpull.processor.web - INFO - Fetching ‘https://www.cryptomuseum.com/df/icom/icr10/’.
2025-11-25 23:43:24,775 - wpull.processor.web - INFO - Fetched ‘https://www.cryptomuseum.com/df/icom/icr10/’: 200 OK. Length: 69592 [text/html].
2025-11-25 23:43:25,337 - wpull.processor.web - INFO - Fetching ‘https://www.cryptomuseum.com/telex/index.htm’.
2025-11-25 23:43:25,753 - wpull.processor.web - INFO - Fetched ‘https://www.cryptomuseum.com/telex/index.htm’: 200 OK. Length: 159409 [text/html].
2025-11-25 23:43:26,602 - wpull.processor.web - INFO - Fetching ‘https://www.cryptomuseum.com/crypto/rs/topsec_mobile’.
2025-11-25 23:43:26,660 - wpull.processor.web - INFO - Fetched ‘https://www.cryptomuseum.com/crypto/rs/topsec_mobile’: 301 Moved Permanently. Length: 795 [text/html].
2025-11-25 23:43:26,663 - wpull.processor.web - INFO - Fetching ‘https://www.cryptomuseum.com/crypto/rs/topsec_mobile/’.
2025-11-25 23:43:26,876 - wpull.processor.web - INFO - Fetched ‘https://www.cryptomuseum.com/crypto/rs/topsec_mobile/’: 200 OK. Length: 70126 [text/html].
2025-11-25 23:43:27,445 - wpull.processor.web - INFO - Fetching ‘https://www.cryptomuseum.com/people/index.htm’.
2025-11-25 23:43:27,657 - wpull.processor.web - INFO - Fetched ‘https://www.cryptomuseum.com/people/index.htm’: 200 OK. Length: 56349 [text/html].
2025-11-25 23:43:28,104 - wpull.processor.web - INFO - Fetching ‘https://www.cryptomuseum.com/df/essa/prescaler’.
2025-11-25 23:43:28,162 - wpull.processor.web - INFO - Fetched ‘https://www.cryptomuseum.com/df/essa/prescaler’: 301 Moved Permanently. Length: 795 [text/html].
2025-11-25 23:43:28,165 - wpull.processor.web - INFO - Fetching ‘https://www.cryptomuseum.com/df/essa/prescaler/’.
2025-11-25 23:43:28,376 - wpull.processor.web - INFO - Fetched ‘https://www.cryptomuseum.com/df/essa/prescaler/’: 200 OK. Length: 53324 [text/html].
2025-11-25 23:43:28,837 - wpull.processor.web - INFO - Fetching ‘https://www.cryptomuseum.com/crypto/enigma/d/index.htm’.
2025-11-25 23:43:29,798 - wpull.processor.web - INFO - Fetched ‘https://www.cryptomuseum.com/crypto/enigma/d/index.htm’: 200 OK. Length: 275000 [text/html].
2025-11-25 23:43:30,827 - wpull.processor.web - INFO - Fetching ‘https://www.cryptomuseum.com/covert/opto/turmon’.
2025-11-25 23:43:30,887 - wpull.processor.web - INFO - Fetched ‘https://www.cryptomuseum.com/covert/opto/turmon’: 301 Moved Permanently. Length: 795 [text/html].
2025-11-25 23:43:30,889 - wpull.processor.web - INFO - Fetching ‘https://www.cryptomuseum.com/covert/opto/turmon/’.
2025-11-25 23:43:31,166 - wpull.processor.web - INFO - Fetched ‘https://www.cryptomuseum.com/covert/opto/turmon/’: 200 OK. Length: 65687 [text/html].
2025-11-25 23:43:31,703 - wpull.processor.web - INFO - Fetching ‘https://www.cryptomuseum.com/df/essa/bmr1000’.
2025-11-25 23:43:31,764 - wpull.processor.web - INFO - Fetched ‘https://www.cryptomuseum.com/df/essa/bmr1000’: 301 Moved Permanently. Length: 795 [text/html].
2025-11-25 23:43:31,767 - wpull.processor.web - INFO - Fetching ‘https://www.cryptomuseum.com/df/essa/bmr1000/’.
2025-11-25 23:43:32,030 - wpull.processor.web - INFO - Fetched ‘https://www.cryptomuseum.com/df/essa/bmr1000/’: 200 OK. Length: 63485 [text/html].
2025-11-25 23:43:32,588 - wpull.processor.web - INFO - Fetching ‘https://www.cryptomuseum.com/intel/index.htm’.
2025-11-25 23:43:33,718 - wpull.processor.web - INFO - Fetched ‘https://www.cryptomuseum.com/intel/index.htm’: 200 OK. Length: 293491 [text/html].
2025-11-25 23:43:34,693 - wpull.processor.web - INFO - Fetching ‘https://www.cryptomuseum.com/ref/index.htm’.
2025-11-25 23:43:34,905 - wpull.processor.web - INFO - Fetched ‘https://www.cryptomuseum.com/ref/index.htm’: 200 OK. Length: 38011 [text/html].
2025-11-25 23:43:35,363 - wpull.processor.web - INFO - Fetching ‘https://www.cryptomuseum.com/pc/index.htm’.
2025-11-25 23:43:35,590 - wpull.processor.web - INFO - Fetched ‘https://www.cryptomuseum.com/pc/index.htm’: 200 OK. Length: 38083 [text/html].
2025-11-25 23:43:36,082 - wpull.processor.web - INFO - Fetching ‘https://www.cryptomuseum.com/misc/index.htm’.
2025-11-25 23:43:36,259 - wpull.processor.web - INFO - Fetched ‘https://www.cryptomuseum.com/misc/index.htm’: 200 OK. Length: 30423 [text/html].
2025-11-25 23:43:36,648 - wpull.processor.web - INFO - Fetching ‘https://www.cryptomuseum.com/donate.htm’.
2025-11-25 23:43:36,813 - wpull.processor.web - INFO - Fetched ‘https://www.cryptomuseum.com/donate.htm’: 200 OK. Length: 38741 [text/html].
2025-11-25 23:43:37,336 - wpull.processor.web - INFO - Fetching ‘https://www.cryptomuseum.com/spy/wsa6’.
2025-11-25 23:43:37,396 - wpull.processor.web - INFO - Fetched ‘https://www.cryptomuseum.com/spy/wsa6’: 301 Moved Permanently. Length: 795 [text/html].
2025-11-25 23:43:37,399 - wpull.processor.web - INFO - Fetching ‘https://www.cryptomuseum.com/spy/wsa6/’.
2025-11-25 23:43:38,247 - wpull.processor.web - INFO - Fetched ‘https://www.cryptomuseum.com/spy/wsa6/’: 200 OK. Length: 251088 [text/html].
2025-11-25 23:43:39,240 - wpull.processor.web - INFO - Fetching ‘https://www.cryptomuseum.com/about.htm’.
2025-11-25 23:43:39,555 - wpull.processor.web - INFO - Fetched ‘https://www.cryptomuseum.com/about.htm’: 200 OK. Length: 110215 [text/html].
2025-11-25 23:43:40,283 - wpull.processor.web - INFO - Fetching ‘https://www.cryptomuseum.com/burst/list.htm’.
2025-11-25 23:43:40,397 - wpull.processor.web - INFO - Fetched ‘https://www.cryptomuseum.com/burst/list.htm’: 200 OK. Length: 35204 [text/html].
2025-11-25 23:43:40,797 - wpull.processor.web - INFO - Fetching ‘https://www.cryptomuseum.com/df/bonaventure/tracer’.
2025-11-25 23:43:40,857 - wpull.processor.web - INFO - Fetched ‘https://www.cryptomuseum.com/df/bonaventure/tracer’: 301 Moved Permanently. Length: 795 [text/html].
2025-11-25 23:43:40,859 - wpull.processor.web - INFO - Fetching ‘https://www.cryptomuseum.com/df/bonaventure/tracer/’.
2025-11-25 23:43:41,070 - wpull.processor.web - INFO - Fetched ‘https://www.cryptomuseum.com/df/bonaventure/tracer/’: 200 OK. Length: 65685 [text/html].
2025-11-25 23:43:41,580 - wpull.processor.web - INFO - Fetching ‘https://www.cryptomuseum.com/telex/siemens/t109’.
2025-11-25 23:43:41,637 - wpull.processor.web - INFO - Fetched ‘https://www.cryptomuseum.com/telex/siemens/t109’: 301 Moved Permanently. Length: 795 [text/html].
2025-11-25 23:43:41,640 - wpull.processor.web - INFO - Fetching ‘https://www.cryptomuseum.com/telex/siemens/t109/’.
2025-11-25 23:43:41,999 - wpull.processor.web - INFO - Fetched ‘https://www.cryptomuseum.com/telex/siemens/t109/’: 200 OK. Length: 155664 [text/html].
2025-11-25 23:43:42,811 - wpull.processor.web - INFO - Fetching ‘https://www.cryptomuseum.com/df/opto/microcounter’.
2025-11-25 23:43:43,142 - wpull.processor.web - INFO - Fetched ‘https://www.cryptomuseum.com/df/opto/microcounter’: 301 Moved Permanently. Length: 795 [text/html].
2025-11-25 23:43:43,148 - wpull.processor.web - INFO - Fetching ‘https://www.cryptomuseum.com/df/opto/microcounter/’.
2025-11-25 23:43:43,509 - wpull.processor.web - INFO - Fetched ‘https://www.cryptomuseum.com/df/opto/microcounter/’: 200 OK. Length: 81300 [text/html].
2025-11-25 23:43:44,213 - wpull.processor.web - INFO - Fetching ‘https://www.cryptomuseum.com/df/aor/ar8000’.
2025-11-25 23:43:44,277 - wpull.processor.web - INFO - Fetched ‘https://www.cryptomuseum.com/df/aor/ar8000’: 301 Moved Permanently. Length: 795 [text/html].
2025-11-25 23:43:44,279 - wpull.processor.web - INFO - Fetching ‘https://www.cryptomuseum.com/df/aor/ar8000/’.
2025-11-25 23:43:44,602 - wpull.processor.web - INFO - Fetched ‘https://www.cryptomuseum.com/df/aor/ar8000/’: 200 OK. Length: 69570 [text/html].
2025-11-25 23:43:45,139 - wpull.processor.web - INFO - Fetching ‘https://www.cryptomuseum.com/df/list.htm’.
2025-11-25 23:43:45,505 - wpull.processor.web - INFO - Fetched ‘https://www.cryptomuseum.com/df/list.htm’: 200 OK. Length: 64290 [text/html].
2025-11-25 23:43:46,125 - wpull.processor.web - INFO - Fetching ‘https://www.cryptomuseum.com/covert/bugs/ec/index.htm’.
2025-11-25 23:43:46,897 - wpull.processor.web - INFO - Fetched ‘https://www.cryptomuseum.com/covert/bugs/ec/index.htm’: 200 OK. Length: 192256 [text/html].
2025-11-25 23:43:48,082 - wpull.processor.web - INFO - Fetching ‘https://www.cryptomuseum.com/covert/radio/index.htm’.
2025-11-25 23:43:48,249 - wpull.processor.web - INFO - Fetched ‘https://www.cryptomuseum.com/covert/radio/index.htm’: 200 OK. Length: 52211 [text/html].
2025-11-25 23:43:48,815 - root - WARNING - No processor available to handle 'mailto' scheme.
2025-11-25 23:43:48,825 - wpull.processor.web - INFO - Fetching ‘https://www.cryptomuseum.com/crypto/list.htm’.
2025-11-25 23:43:49,239 - wpull.processor.web - INFO - Fetched ‘https://www.cryptomuseum.com/crypto/list.htm’: 200 OK. Length: 121358 [text/html].
2025-11-25 23:43:50,327 - wpull.processor.web - INFO - Fetching ‘https://www.cryptomuseum.com/df/datong/df5/index.htm’.
2025-11-25 23:43:50,911 - wpull.processor.web - INFO - Fetched ‘https://www.cryptomuseum.com/df/datong/df5/index.htm’: 200 OK. Length: 189290 [text/html].
2025-11-25 23:43:51,921 - wpull.processor.web - INFO - Fetching ‘https://www.cryptomuseum.com/covert/cases/index.htm’.
2025-11-25 23:43:52,186 - wpull.processor.web - INFO - Fetched ‘https://www.cryptomuseum.com/covert/cases/index.htm’: 200 OK. Length: 100801 [text/html].
2025-11-25 23:43:52,934 - wpull.processor.web - INFO - Fetching ‘https://www.cryptomuseum.com/df/opto/r10’.
2025-11-25 23:43:52,993 - wpull.processor.web - INFO - Fetched ‘https://www.cryptomuseum.com/df/opto/r10’: 301 Moved Permanently. Length: 795 [text/html].
2025-11-25 23:43:52,996 - wpull.processor.web - INFO - Fetching ‘https://www.cryptomuseum.com/df/opto/r10/’.
2025-11-25 23:43:53,211 - wpull.processor.web - INFO - Fetched ‘https://www.cryptomuseum.com/df/opto/r10/’: 200 OK. Length: 77115 [text/html].
2025-11-25 23:43:53,798 - wpull.processor.web - INFO - Fetching ‘https://www.cryptomuseum.com/shop/index.htm’.
2025-11-25 23:43:53,962 - wpull.processor.web - INFO - Fetched ‘https://www.cryptomuseum.com/shop/index.htm’: 200 OK. Length: 55760 [text/html].
2025-11-25 23:43:54,471 - wpull.processor.web - INFO - Fetching ‘https://www.cryptomuseum.com/cam/index.htm’.
2025-11-25 23:43:55,040 - wpull.processor.web - INFO - Fetched ‘https://www.cryptomuseum.com/cam/index.htm’: 200 OK. Length: 125731 [text/html].
2025-11-25 23:43:55,870 - wpull.processor.web - INFO - Fetching ‘https://www.cryptomuseum.com/telex/bund/mes23’.
2025-11-25 23:43:55,932 - wpull.processor.web - INFO - Fetched ‘https://www.cryptomuseum.com/telex/bund/mes23’: 301 Moved Permanently. Length: 795 [text/html].
2025-11-25 23:43:55,934 - wpull.processor.web - INFO - Fetching ‘https://www.cryptomuseum.com/telex/bund/mes23/’.
2025-11-25 23:43:56,381 - wpull.processor.web - INFO - Fetched ‘https://www.cryptomuseum.com/telex/bund/mes23/’: 200 OK. Length: 67687 [text/html].
2025-11-25 23:43:56,905 - wpull.processor.web - INFO - Fetching ‘https://www.cryptomuseum.com/telex/siemens/t56’.
2025-11-25 23:43:56,965 - wpull.processor.web - INFO - Fetched ‘https://www.cryptomuseum.com/telex/siemens/t56’: 301 Moved Permanently. Length: 795 [text/html].
2025-11-25 23:43:56,967 - wpull.processor.web - INFO - Fetching ‘https://www.cryptomuseum.com/telex/siemens/t56/’.
2025-11-25 23:43:57,562 - wpull.processor.web - INFO - Fetched ‘https://www.cryptomuseum.com/telex/siemens/t56/’: 200 OK. Length: 127458 [text/html].
2025-11-25 23:43:58,379 - wpull.processor.web - INFO - Fetching ‘https://www.cryptomuseum.com/spy/kae’.
2025-11-25 23:43:58,439 - wpull.processor.web - INFO - Fetched ‘https://www.cryptomuseum.com/spy/kae’: 301 Moved Permanently. Length: 795 [text/html].
2025-11-25 23:43:58,441 - wpull.processor.web - INFO - Fetching ‘https://www.cryptomuseum.com/spy/kae/’.
2025-11-25 23:43:58,709 - wpull.processor.web - INFO - Fetched ‘https://www.cryptomuseum.com/spy/kae/’: 200 OK. Length: 63834 [text/html].
2025-11-25 23:43:59,269 - wpull.processor.web - INFO - Fetching ‘https://www.cryptomuseum.com/covert/rec/index.htm’.
2025-11-25 23:43:59,502 - wpull.processor.web - INFO - Fetched ‘https://www.cryptomuseum.com/covert/rec/index.htm’: 200 OK. Length: 57696 [text/html].
2025-11-25 23:43:59,945 - wpull.processor.web - INFO - Fetching ‘https://www.cryptomuseum.com/df/wj/rs111’.
2025-11-25 23:44:00,004 - wpull.processor.web - INFO - Fetched ‘https://www.cryptomuseum.com/df/wj/rs111’: 301 Moved Permanently. Length: 795 [text/html].
2025-11-25 23:44:00,007 - wpull.processor.web - INFO - Fetching ‘https://www.cryptomuseum.com/df/wj/rs111/’.
2025-11-25 23:44:00,409 - wpull.processor.web - INFO - Fetched ‘https://www.cryptomuseum.com/df/wj/rs111/’: 200 OK. Length: 125086 [text/html].
2025-11-25 23:44:01,249 - wpull.processor.web - INFO - Fetching ‘https://www.cryptomuseum.com/spy/hrm7000’.
2025-11-25 23:44:01,309 - wpull.processor.web - INFO - Fetched ‘https://www.cryptomuseum.com/spy/hrm7000’: 301 Moved Permanently. Length: 795 [text/html].
2025-11-25 23:44:01,311 - wpull.processor.web - INFO - Fetching ‘https://www.cryptomuseum.com/spy/hrm7000/’.
2025-11-25 23:44:01,629 - wpull.processor.web - INFO - Fetched ‘https://www.cryptomuseum.com/spy/hrm7000/’: 200 OK. Length: 137982 [text/html].
2025-11-25 23:44:02,626 - wpull.processor.web - INFO - Fetching ‘https://www.cryptomuseum.com/crypto/france/myosotis’.
2025-11-25 23:44:02,686 - wpull.processor.web - INFO - Fetched ‘https://www.cryptomuseum.com/crypto/france/myosotis’: 301 Moved Permanently. Length: 795 [text/html].
2025-11-25 23:44:02,688 - wpull.processor.web - INFO - Fetching ‘https://www.cryptomuseum.com/crypto/france/myosotis/’.
2025-11-25 23:44:02,855 - wpull.processor.web - INFO - Fetched ‘https://www.cryptomuseum.com/crypto/france/myosotis/’: 200 OK. Length: 65612 [text/html].
2025-11-25 23:44:03,441 - wpull.processor.web - INFO - Fetching ‘https://www.cryptomuseum.com/sale/index.htm’.
2025-11-25 23:44:03,608 - wpull.processor.web - INFO - Fetched ‘https://www.cryptomuseum.com/sale/index.htm’: 200 OK. Length: 62843 [text/html].
2025-11-25 23:44:04,126 - wpull.processor.web - INFO - Fetching ‘https://www.cryptomuseum.com/pc/epson/hx20’.
2025-11-25 23:44:04,184 - wpull.processor.web - INFO - Fetched ‘https://www.cryptomuseum.com/pc/epson/hx20’: 301 Moved Permanently. Length: 795 [text/html].
2025-11-25 23:44:04,186 - wpull.processor.web - INFO - Fetching ‘https://www.cryptomuseum.com/pc/epson/hx20/’.
2025-11-25 23:44:04,891 - wpull.processor.web - INFO - Fetched ‘https://www.cryptomuseum.com/pc/epson/hx20/’: 200 OK. Length: 185146 [text/html].
2025-11-25 23:44:05,832 - wpull.processor.web - INFO - Fetching ‘https://www.cryptomuseum.com/covert/bugs/index.htm’.
2025-11-25 23:44:06,296 - wpull.processor.web - INFO - Fetched ‘https://www.cryptomuseum.com/covert/bugs/index.htm’: 200 OK. Length: 113541 [text/html].
2025-11-25 23:44:07,117 - wpull.processor.web - INFO - Fetching ‘https://www.cryptomuseum.com/crypto/hagelin/cx52/g.htm’.
2025-11-25 23:44:07,692 - wpull.processor.web - INFO - Fetched ‘https://www.cryptomuseum.com/crypto/hagelin/cx52/g.htm’: 200 OK. Length: 166301 [text/html].
2025-11-25 23:44:09,119 - wpull.processor.web - INFO - Fetching ‘https://www.cryptomuseum.com/spy/pd5’.
2025-11-25 23:44:09,187 - wpull.processor.web - INFO - Fetched ‘https://www.cryptomuseum.com/spy/pd5’: 301 Moved Permanently. Length: 795 [text/html].
2025-11-25 23:44:09,188 - wpull.processor.web - INFO - Fetching ‘https://www.cryptomuseum.com/spy/pd5/’.
2025-11-25 23:44:10,059 - wpull.processor.web - INFO - Fetched ‘https://www.cryptomuseum.com/spy/pd5/’: 200 OK. Length: 160322 [text/html].
2025-11-25 23:44:10,997 - wpull.processor.web - INFO - Fetching ‘https://www.cryptomuseum.com/telex/telefunken/th4179’.
2025-11-25 23:44:11,059 - wpull.processor.web - INFO - Fetched ‘https://www.cryptomuseum.com/telex/telefunken/th4179’: 301 Moved Permanently. Length: 795 [text/html].
2025-11-25 23:44:11,062 - wpull.processor.web - INFO - Fetching ‘https://www.cryptomuseum.com/telex/telefunken/th4179/’.
2025-11-25 23:44:11,328 - wpull.processor.web - INFO - Fetched ‘https://www.cryptomuseum.com/telex/telefunken/th4179/’: 200 OK. Length: 50234 [text/html].
2025-11-25 23:44:11,822 - wpull.processor.web - INFO - Fetching ‘https://www.cryptomuseum.com/radio/telefunken/etm1810/m.htm’.
2025-11-25 23:44:12,646 - wpull.processor.web - INFO - Fetched ‘https://www.cryptomuseum.com/radio/telefunken/etm1810/m.htm’: 200 OK. Length: 179388 [text/html].
2025-11-25 23:44:13,633 - wpull.processor.web - INFO - Fetching ‘https://www.cryptomuseum.com/spy/sp15/index.htm’.
2025-11-25 23:44:14,407 - wpull.processor.web - INFO - Fetched ‘https://www.cryptomuseum.com/spy/sp15/index.htm’: 200 OK. Length: 131086 [text/html].
2025-11-25 23:44:15,469 - wpull.processor.web - INFO - Fetching ‘https://www.cryptomuseum.com/crypto/gsmk/ip19/implant.htm’.
2025-11-25 23:44:15,945 - wpull.processor.web - INFO - Fetched ‘https://www.cryptomuseum.com/crypto/gsmk/ip19/implant.htm’: 200 OK. Length: 87204 [text/html].
2025-11-25 23:44:16,826 - wpull.processor.web - INFO - Fetching ‘https://www.cryptomuseum.com/crypto/philips/ec2/index.htm’.
2025-11-25 23:44:17,800 - wpull.processor.web - INFO - Fetched ‘https://www.cryptomuseum.com/crypto/philips/ec2/index.htm’: 200 OK. Length: 195925 [text/html].
2025-11-25 23:44:18,938 - wpull.processor.web - INFO - Fetching ‘https://www.cryptomuseum.com/covert/camera/index.htm’.
2025-11-25 23:44:19,205 - wpull.processor.web - INFO - Fetched ‘https://www.cryptomuseum.com/covert/camera/index.htm’: 200 OK. Length: 66671 [text/html].
2025-11-25 23:44:19,835 - wpull.processor.web - INFO - Fetching ‘https://www.cryptomuseum.com/intel/cia/rubicon.htm’.
2025-11-25 23:44:22,582 - wpull.processor.web - INFO - Fetched ‘https://www.cryptomuseum.com/intel/cia/rubicon.htm’: 200 OK. Length: 523516 [text/html].
2025-11-25 23:44:23,827 - wpull.processor.web - INFO - Fetching ‘http://www.cryptomuseum.com/donate.htm’.
2025-11-25 23:44:24,048 - wpull.processor.web - INFO - Fetched ‘http://www.cryptomuseum.com/donate.htm’: 302 Found. Length: 771 [text/html].
2025-11-25 23:44:24,050 - wpull.processor.web - INFO - Fetching ‘https://www.cryptomuseum.com/donate.htm’.
2025-11-25 23:44:24,215 - wpull.processor.web - INFO - Fetched ‘https://www.cryptomuseum.com/donate.htm’: 200 OK. Length: 38741 [text/html].
2025-11-25 23:44:24,704 - wpull.processor.web - INFO - Fetching ‘https://www.cryptomuseum.com/crypto/nl/cryptauphyl’.
2025-11-25 23:44:24,763 - wpull.processor.web - INFO - Fetched ‘https://www.cryptomuseum.com/crypto/nl/cryptauphyl’: 301 Moved Permanently. Length: 795 [text/html].
2025-11-25 23:44:24,765 - wpull.processor.web - INFO - Fetching ‘https://www.cryptomuseum.com/crypto/nl/cryptauphyl/’.
2025-11-25 23:44:25,124 - wpull.processor.web - INFO - Fetched ‘https://www.cryptomuseum.com/crypto/nl/cryptauphyl/’: 200 OK. Length: 127096 [text/html].
2025-11-25 23:44:26,049 - wpull.processor.web - INFO - Fetching ‘https://www.cryptomuseum.com/contact/index.htm’.
2025-11-25 23:44:26,162 - wpull.processor.web - INFO - Fetched ‘https://www.cryptomuseum.com/contact/index.htm’: 200 OK. Length: 33911 [text/html].
2025-11-25 23:44:26,584 - wpull.application.tasks.stats - INFO - FINISHED.
2025-11-25 23:44:26,584 - wpull.application.tasks.stats - INFO - Duration: 0:02:17. Speed: 89.1 KiB/s.
2025-11-25 23:44:26,584 - wpull.application.tasks.stats - INFO - Downloaded: 115 files, 13.0 MiB.
